0 verbose cli /usr/local/bin/node /usr/local/bin/npm
1 info using npm@10.7.0
2 info using node@v22.2.0
3 silly config:load:file:/usr/local/lib/node_modules/npm/npmrc
4 silly config:load:file:/Users/tieirra/.npmrc
5 silly config:load:file:/usr/local/etc/npmrc
6 verbose title npm i
7 verbose argv "i"
8 verbose logfile logs-max:10 dir:/Users/tieirra/Desktop/State/.vscode/C:Develnodejsnpm-cache/_logs/2024-08-22T03_11_24_640Z-
9 verbose logfile /Users/tieirra/Desktop/State/.vscode/C:Develnodejsnpm-cache/_logs/2024-08-22T03_11_24_640Z-debug-0.log
10 silly logfile done cleaning log files
11 silly idealTree buildDeps
12 silly reify moves {}
13 http fetch GET 200 https://registry.npmjs.org/npm 2904ms
14 notice
14 notice New [33mminor[39m version of npm available! [33m10.7.0[39m -> [34m10.8.2[39m
14 notice Changelog: [34mhttps://github.com/npm/cli/releases/tag/v10.8.2[39m
14 notice To update run: [4mnpm install -g npm@10.8.2[24m
14 notice  { force: true, [Symbol(proc-log.meta)]: true }
15 verbose exit 0
16 info ok
