0 verbose cli /usr/local/bin/node /usr/local/bin/npm
1 info using npm@10.8.2
2 info using node@v22.2.0
3 silly config load:file:/usr/local/lib/node_modules/npm/npmrc
4 silly config load:file:/Users/tieirra/.npmrc
5 silly config load:file:/usr/local/etc/npmrc
6 verbose title npm start
7 verbose argv "start"
8 verbose logfile logs-max:10 dir:/Users/tieirra/Desktop/State/.vscode/C:Develnodejsnpm-cache/_logs/2024-08-22T03_13_20_029Z-
9 verbose logfile /Users/tieirra/Desktop/State/.vscode/C:Develnodejsnpm-cache/_logs/2024-08-22T03_13_20_029Z-debug-0.log
10 silly logfile done cleaning log files
11 verbose stack Error: Missing script: "start"
11 verbose stack
11 verbose stack Did you mean one of these?
11 verbose stack   npm star # Mark your favorite packages
11 verbose stack   npm stars # View packages marked as favorites
11 verbose stack
11 verbose stack To see a list of scripts, run:
11 verbose stack   npm run
11 verbose stack     at #run (/usr/local/lib/node_modules/npm/lib/commands/run-script.js:110:13)
11 verbose stack     at async RunScript.exec (/usr/local/lib/node_modules/npm/lib/commands/run-script.js:39:7)
11 verbose stack     at async Npm.exec (/usr/local/lib/node_modules/npm/lib/npm.js:207:9)
11 verbose stack     at async module.exports (/usr/local/lib/node_modules/npm/lib/cli/entry.js:74:5)
12 error Missing script: "start"
12 error
12 error Did you mean one of these?
12 error   npm star # Mark your favorite packages
12 error   npm stars # View packages marked as favorites
12 error
12 error To see a list of scripts, run:
12 error   npm run
13 verbose cwd /Users/tieirra/Desktop/State/.vscode
14 verbose os Darwin 21.2.0
15 verbose node v22.2.0
16 verbose npm  v10.8.2
17 verbose exit 1
18 verbose code 1
19 error A complete log of this run can be found in: /Users/tieirra/Desktop/State/.vscode/C:Develnodejsnpm-cache/_logs/2024-08-22T03_13_20_029Z-debug-0.log
